Arguments: 
  C:\Program Files\nodejs\node.exe C:\Users\BEAST\AppData\Roaming\npm\node_modules\yarn\bin\yarn.js install

PATH: 
  C:\Program Files\Common Files\Oracle\Java\javapath;C:\Program Files (x86)\Common Files\Oracle\Java\javapath;C:\WINDOWS\system32;C:\WINDOWS;C:\WINDOWS\System32\Wbem;C:\WINDOWS\System32\WindowsPowerShell\v1.0\;C:\xampp\php;C:\ProgramData\ComposerSetup\bin;C:\WINDOWS\System32\OpenSSH\;C:\Program Files\dotnet\;C:\Program Files\Microsoft SQL Server\130\Tools\Binn\;C:\Program Files\Microsoft SQL Server\Client SDK\ODBC\170\Tools\Binn\;C:\Users\BEAST\AppData\Local\Android\Sdk\platform-tools;C:\Program Files\Microsoft VS Code\bin;C:\Program Files\Microsoft\Web Platform Installer\;C:\Program Files\Microsoft Service Fabric\bin\Fabric\Fabric.Code;C:\Program Files\Microsoft SDKs\Service Fabric\Tools\ServiceFabricLocalClusterManager;C:\Program Files\Git\cmd;C:\Program Files (x86)\Microsoft SQL Server\150\DTS\Binn\;C:\Program Files\MongoDB\Server\4.2\bin;C:\Program Files (x86)\Android\android-sdk;C:\Program Files (x86)\Calibre2\;C:\Program Files\nodejs\;C:\Users\BEAST\AppData\Local\Programs\Python\Python38\Scripts\;C:\Users\BEAST\AppData\Local\Programs\Python\Python38\;C:\Users\BEAST\AppData\Local\Microsoft\WindowsApps;C:\Users\BEAST\AppData\Roaming\Composer\vendor\bin;C:\Users\BEAST\AppData\Local\Programs\Microsoft VS Code\bin;C:\Users\BEAST\AppData\Local\Android\Sdk\platform-tools;C:\Users\BEAST\.dotnet\tools;C:\Users\BEAST\AppData\Local\Microsoft\WindowsApps;C:\Python27;C:\Python27\Scripts;C:\Fabric\Fabric Samples\fabric-samples\bin;C:\Program Files\MongoDB\Server\4.2\bin;C:\Program Files\heroku\bin;C:\Program Files (x86)\Android\android-sdk;C:\Users\BEAST\.dotnet\tools;C:\flutter\bin;C:\Users\BEAST\AppData\Roaming\npm

Yarn version: 
  1.22.13

Node version: 
  16.10.0

Platform: 
  win32 x64

Trace: 
  Error: ENOSPC: no space left on device, copyfile 'C:\Users\BEAST\AppData\Local\Yarn\Cache\v6\npm-jsc-android-245459.0.0-e584258dd0b04c9159a27fb104cd5d491fd202c9-integrity\node_modules\jsc-android\dist\org\webkit\android-jsc-intl\r245459\android-jsc-intl-r245459.aar' -> 'C:\react-native-projects\chat-with-me\node_modules\jsc-android\dist\org\webkit\android-jsc-intl\r245459\android-jsc-intl-r245459.aar'

npm manifest: 
  {
    "main": "node_modules/expo/AppEntry.js",
    "scripts": {
      "start": "expo start",
      "android": "expo start --android",
      "ios": "expo start --ios",
      "web": "expo start --web",
      "eject": "expo eject"
    },
    "dependencies": {
      "expo": "~42.0.1",
      "expo-status-bar": "~1.0.4",
      "react": "16.13.1",
      "react-dom": "16.13.1",
      "react-native": "https://github.com/expo/react-native/archive/sdk-42.0.0.tar.gz",
      "react-native-web": "~0.13.12"
    },
    "devDependencies": {
      "@babel/core": "^7.9.0"
    },
    "private": true
  }

yarn manifest: 
  No manifest

Lockfile: 
  No lockfile
